#
# There is insufficient memory for the Java Runtime Environment to continue.
# Native memory allocation (malloc) failed to allocate 2075696 bytes for Chunk::new
# Possible reasons:
#   The system is out of physical RAM or swap space
#   The process is running with CompressedOops enabled, and the Java Heap may be blocking the growth of the native heap
# Possible solutions:
#   Reduce memory load on the system
#   Increase physical memory or swap space
#   Check if swap backing store is full
#   Decrease Java heap size (-Xmx/-Xms)
#   Decrease number of Java threads
#   Decrease Java thread stack sizes (-Xss)
#   Set larger code cache with -XX:ReservedCodeCacheSize=
#   JVM is running with Unscaled Compressed Oops mode in which the Java heap is
#     placed in the first 4GB address space. The Java Heap base address is the
#     maximum limit for the native heap growth. Please use -XX:HeapBaseMinAddress
#     to set the Java Heap base and to place the Java Heap above 4GB virtual address.
# This output file may be truncated or incomplete.
#
#  Out of Memory Error (./src/hotspot/share/memory/arena.cpp:197), pid=15868, tid=11408
#
# JRE version: OpenJDK Runtime Environment Corretto-11.0.17.8.1 (11.0.17+8) (build 11.0.17+8-LTS)
# Java VM: OpenJDK 64-Bit Server VM Corretto-11.0.17.8.1 (11.0.17+8-LTS, mixed mode, tiered, compressed oops, g1 gc, windows-amd64)
# No core dump will be written. Minidumps are not enabled by default on client versions of Windows
#

---------------  S U M M A R Y ------------

Command Line: -javaagent:C:\Program Files\JetBrains\IntelliJ IDEA Community Edition 2022.2.3\lib\idea_rt.jar=49476:C:\Program Files\JetBrains\IntelliJ IDEA Community Edition 2022.2.3\bin -Dfile.encoding=UTF-8 com.report.statistic.StatisticApplication

Host: Intel(R) Pentium(R) CPU 5405U @ 2.30GHz, 4 cores, 7G,  Windows 11 , 64 bit Build 22621 (10.0.22621.2215)
Time: Wed Oct 11 00:27:24 2023  Windows 11 , 64 bit Build 22621 (10.0.22621.2215) elapsed time: 24.112921 seconds (0d 0h 0m 24s)

---------------  T H R E A D  ---------------

Current thread (0x00000178f7082000):  JavaThread "C2 CompilerThread0" daemon [_thread_in_native, id=11408, stack(0x0000005398b00000,0x0000005398c00000)]


Current CompileTask:
C2:  24113 4506   !   4       org.springframework.core.annotation.AnnotationsScanner::processMethodHierarchy (276 bytes)

Stack: [0x0000005398b00000,0x0000005398c00000]
Native frames: (J=compiled Java code, j=interpreted, Vv=VM code, C=native code)
V  [jvm.dll+0x61f66a]
V  [jvm.dll+0x7ac889]
V  [jvm.dll+0x7adf78]
V  [jvm.dll+0x7ae653]
V  [jvm.dll+0x24fbe8]
V  [jvm.dll+0xc262c]
V  [jvm.dll+0xc2bec]
V  [jvm.dll+0x35a037]
V  [jvm.dll+0x19e8c9]
V  [jvm.dll+0x209165]
V  [jvm.dll+0x20818d]
V  [jvm.dll+0x18a3c1]
V  [jvm.dll+0x217894]
V  [jvm.dll+0x215adb]
V  [jvm.dll+0x76f380]
V  [jvm.dll+0x7682b4]
V  [jvm.dll+0x61e4d5]
C  [ucrtbase.dll+0x29363]
C  [KERNEL32.DLL+0x1257d]
C  [ntdll.dll+0x5aa68]


---------------  P R O C E S S  ---------------

Threads class SMR info:
_java_thread_list=0x00000178f97c7d10, length=28, elements={
0x00000178f7071800, 0x00000178f7067800, 0x00000178f79e3000, 0x00000178f707e000,
0x00000178f707f000, 0x00000178f7082000, 0x00000178f7087800, 0x00000178f7a54800,
0x00000178f7b54000, 0x00000178f7f59000, 0x00000178fd077800, 0x00000178f9830000,
0x00000178fb850800, 0x00000178f8f6c800, 0x00000178f939a800, 0x00000178fb54a000,
0x00000178fb0f7000, 0x00000178fdd97000, 0x00000178fb4c6800, 0x00000178fb4c7000,
0x00000178fb4c4800, 0x00000178fb4c5800, 0x00000178fba13800, 0x00000178fba0e800,
0x00000178fba11000, 0x00000178fba11800, 0x00000178fba14000, 0x00000178fba15000
}

Java Threads: ( => current thread )
  0x00000178f7071800 JavaThread "Reference Handler" daemon [_thread_blocked, id=21324, stack(0x0000005398600000,0x0000005398700000)]
  0x00000178f7067800 JavaThread "Finalizer" daemon [_thread_blocked, id=9224, stack(0x0000005398700000,0x0000005398800000)]
  0x00000178f79e3000 JavaThread "Signal Dispatcher" daemon [_thread_blocked, id=20112, stack(0x0000005398800000,0x0000005398900000)]
  0x00000178f707e000 JavaThread "Attach Listener" daemon [_thread_blocked, id=4624, stack(0x0000005398900000,0x0000005398a00000)]
  0x00000178f707f000 JavaThread "Service Thread" daemon [_thread_blocked, id=18372, stack(0x0000005398a00000,0x0000005398b00000)]
=>0x00000178f7082000 JavaThread "C2 CompilerThread0" daemon [_thread_in_native, id=11408, stack(0x0000005398b00000,0x0000005398c00000)]
  0x00000178f7087800 JavaThread "C1 CompilerThread0" daemon [_thread_blocked, id=6012, stack(0x0000005398c00000,0x0000005398d00000)]
  0x00000178f7a54800 JavaThread "Sweeper thread" daemon [_thread_blocked, id=20120, stack(0x0000005398d00000,0x0000005398e00000)]
  0x00000178f7b54000 JavaThread "Common-Cleaner" daemon [_thread_blocked, id=3024, stack(0x0000005398e00000,0x0000005398f00000)]
  0x00000178f7f59000 JavaThread "Monitor Ctrl-Break" daemon [_thread_in_native, id=6052, stack(0x0000005398f00000,0x0000005399000000)]
  0x00000178fd077800 JavaThread "Catalina-utility-1" [_thread_blocked, id=7648, stack(0x0000005399500000,0x0000005399600000)]
  0x00000178f9830000 JavaThread "Catalina-utility-2" [_thread_blocked, id=14680, stack(0x0000005399600000,0x0000005399700000)]
  0x00000178fb850800 JavaThread "container-0" [_thread_blocked, id=7160, stack(0x0000005399700000,0x0000005399800000)]
  0x00000178f8f6c800 JavaThread "HikariPool-1 housekeeper" daemon [_thread_blocked, id=6252, stack(0x0000005399800000,0x0000005399900000)]
  0x00000178f939a800 JavaThread "C2 CompilerThread1" daemon [_thread_blocked, id=18452, stack(0x0000005399300000,0x0000005399400000)]
  0x00000178fb54a000 JavaThread "http-nio-8080-exec-1" daemon [_thread_blocked, id=11724, stack(0x0000005399900000,0x0000005399a00000)]
  0x00000178fb0f7000 JavaThread "http-nio-8080-exec-2" daemon [_thread_blocked, id=2172, stack(0x0000005399a00000,0x0000005399b00000)]
  0x00000178fdd97000 JavaThread "http-nio-8080-exec-3" daemon [_thread_blocked, id=7256, stack(0x0000005399b00000,0x0000005399c00000)]
  0x00000178fb4c6800 JavaThread "http-nio-8080-exec-4" daemon [_thread_blocked, id=4788, stack(0x0000005399c00000,0x0000005399d00000)]
  0x00000178fb4c7000 JavaThread "http-nio-8080-exec-5" daemon [_thread_blocked, id=16292, stack(0x0000005399d00000,0x0000005399e00000)]
  0x00000178fb4c4800 JavaThread "http-nio-8080-exec-6" daemon [_thread_blocked, id=1564, stack(0x0000005399e00000,0x0000005399f00000)]
  0x00000178fb4c5800 JavaThread "http-nio-8080-exec-7" daemon [_thread_blocked, id=15072, stack(0x0000005399f00000,0x000000539a000000)]
  0x00000178fba13800 JavaThread "http-nio-8080-exec-8" daemon [_thread_blocked, id=4556, stack(0x000000539a000000,0x000000539a100000)]
  0x00000178fba0e800 JavaThread "http-nio-8080-exec-9" daemon [_thread_blocked, id=21436, stack(0x000000539a100000,0x000000539a200000)]
  0x00000178fba11000 JavaThread "http-nio-8080-exec-10" daemon [_thread_blocked, id=12092, stack(0x000000539a200000,0x000000539a300000)]
  0x00000178fba11800 JavaThread "http-nio-8080-Poller" daemon [_thread_in_native, id=20748, stack(0x000000539a300000,0x000000539a400000)]
  0x00000178fba14000 JavaThread "http-nio-8080-Acceptor" daemon [_thread_in_native, id=2460, stack(0x000000539a400000,0x000000539a500000)]
  0x00000178fba15000 JavaThread "DestroyJavaVM" [_thread_blocked, id=13496, stack(0x0000005397f00000,0x0000005398000000)]

Other Threads:
  0x00000178f703a000 VMThread "VM Thread" [stack: 0x0000005398500000,0x0000005398600000] [id=20076]
  0x00000178f7f62000 WatcherThread [stack: 0x0000005399000000,0x0000005399100000] [id=12048]
  0x00000178d8964800 GCTaskThread "GC Thread#0" [stack: 0x0000005398000000,0x0000005398100000] [id=15776]
  0x00000178f8591800 GCTaskThread "GC Thread#1" [stack: 0x0000005399100000,0x0000005399200000] [id=14684]
  0x00000178f82f4000 GCTaskThread "GC Thread#2" [stack: 0x0000005399200000,0x0000005399300000] [id=21120]
  0x00000178f8e36000 GCTaskThread "GC Thread#3" [stack: 0x0000005399400000,0x0000005399500000] [id=19936]
  0x00000178d8992000 ConcurrentGCThread "G1 Main Marker" [stack: 0x0000005398100000,0x0000005398200000] [id=14404]
  0x00000178d8994800 ConcurrentGCThread "G1 Conc#0" [stack: 0x0000005398200000,0x0000005398300000] [id=9984]
  0x00000178f6ea8800 ConcurrentGCThread "G1 Refine#0" [stack: 0x0000005398300000,0x0000005398400000] [id=20344]
  0x00000178f6ea9000 ConcurrentGCThread "G1 Young RemSet Sampling" [stack: 0x0000005398400000,0x0000005398500000] [id=8228]

Threads with active compile tasks:
C2 CompilerThread0    24175 4506   !   4       org.springframework.core.annotation.AnnotationsScanner::processMethodHierarchy (276 bytes)

VM state:not at safepoint (normal execution)

VM Mutex/Monitor currently owned by a thread: None

Heap address: 0x0000000082400000, size: 2012 MB, Compressed Oops mode: 32-bit
Narrow klass base: 0x0000000000000000, Narrow klass shift: 3
Compressed class space size: 1073741824 Address: 0x0000000100000000

Heap:
 garbage-first heap   total 155648K, used 55051K [0x0000000082400000, 0x0000000100000000)
  region size 1024K, 41 young (41984K), 7 survivors (7168K)
 Metaspace       used 61586K, capacity 63129K, committed 63312K, reserved 1103872K
  class space    used 7768K, capacity 8398K, committed 8448K, reserved 1048576K
Heap Regions: E=young(eden), S=young(survivor), O=old, HS=humongous(starts), HC=humongous(continues), CS=collection set, F=free, A=archive, TAMS=top-at-mark-start (previous, next)
|   0|0x0000000082400000, 0x0000000082500000, 0x0000000082500000|100%|HS|  |TAMS 0x0000000082500000, 0x0000000082400000| Complete 
|   1|0x0000000082500000, 0x0000000082600000, 0x0000000082600000|100%|HS|  |TAMS 0x0000000082600000, 0x0000000082500000| Complete 
|   2|0x0000000082600000, 0x0000000082700000, 0x0000000082700000|100%| O|  |TAMS 0x0000000082700000, 0x0000000082600000| Untracked 
|   3|0x0000000082700000, 0x0000000082800000, 0x0000000082800000|100%| O|  |TAMS 0x0000000082800000, 0x0000000082700000| Untracked 
|   4|0x0000000082800000, 0x0000000082900000, 0x0000000082900000|100%| O|  |TAMS 0x0000000082900000, 0x0000000082800000| Untracked 
|   5|0x0000000082900000, 0x0000000082a00000, 0x0000000082a00000|100%| O|  |TAMS 0x0000000082a00000, 0x0000000082900000| Untracked 
|   6|0x0000000082a00000, 0x0000000082b00000, 0x0000000082b00000|100%| O|  |TAMS 0x0000000082b00000, 0x0000000082a00000| Untracked 
|   7|0x0000000082b00000, 0x0000000082c00000, 0x0000000082c00000|100%| O|  |TAMS 0x0000000082c00000, 0x0000000082b00000| Untracked 
|   8|0x0000000082c00000, 0x0000000082d00000, 0x0000000082d00000|100%| O|  |TAMS 0x0000000082d00000, 0x0000000082c00000| Untracked 
|   9|0x0000000082d00000, 0x0000000082e00000, 0x0000000082e00000|100%| O|  |TAMS 0x0000000082e00000, 0x0000000082d00000| Untracked 
|  10|0x0000000082e00000, 0x0000000082f00000, 0x0000000082f00000|100%| O|  |TAMS 0x0000000082f00000, 0x0000000082e00000| Untracked 
|  11|0x0000000082f00000, 0x0000000083000000, 0x0000000083000000|100%| O|  |TAMS 0x0000000083000000, 0x0000000082f00000| Untracked 
|  12|0x0000000083000000, 0x0000000083100000, 0x0000000083100000|100%| O|  |TAMS 0x0000000083100000, 0x0000000083000000| Untracked 
|  13|0x0000000083100000, 0x0000000083200000, 0x0000000083200000|100%| O|  |TAMS 0x0000000083200000, 0x0000000083100000| Untracked 
|  14|0x0000000083200000, 0x0000000083267c00, 0x0000000083300000| 40%| O|  |TAMS 0x0000000083267c00, 0x0000000083200000| Untracked 
|  15|0x0000000083300000, 0x0000000083300000, 0x0000000083400000|  0%| F|  |TAMS 0x0000000083300000, 0x0000000083300000| Untracked 
|  16|0x0000000083400000, 0x0000000083400000, 0x0000000083500000|  0%| F|  |TAMS 0x0000000083400000, 0x0000000083400000| Untracked 
|  17|0x0000000083500000, 0x0000000083500000, 0x0000000083600000|  0%| F|  |TAMS 0x0000000083500000, 0x0000000083500000| Untracked 
|  18|0x0000000083600000, 0x0000000083600000, 0x0000000083700000|  0%| F|  |TAMS 0x0000000083600000, 0x0000000083600000| Untracked 
|  19|0x0000000083700000, 0x0000000083700000, 0x0000000083800000|  0%| F|  |TAMS 0x0000000083700000, 0x0000000083700000| Untracked 
|  20|0x0000000083800000, 0x0000000083800000, 0x0000000083900000|  0%| F|  |TAMS 0x0000000083800000, 0x0000000083800000| Untracked 
|  21|0x0000000083900000, 0x0000000083900000, 0x0000000083a00000|  0%| F|  |TAMS 0x0000000083900000, 0x0000000083900000| Untracked 
|  22|0x0000000083a00000, 0x0000000083a00000, 0x0000000083b00000|  0%| F|  |TAMS 0x0000000083a00000, 0x0000000083a00000| Untracked 
|  23|0x0000000083b00000, 0x0000000083b00000, 0x0000000083c00000|  0%| F|  |TAMS 0x0000000083b00000, 0x0000000083b00000| Untracked 
|  24|0x0000000083c00000, 0x0000000083c00000, 0x0000000083d00000|  0%| F|  |TAMS 0x0000000083c00000, 0x0000000083c00000| Untracked 
|  25|0x0000000083d00000, 0x0000000083d00000, 0x0000000083e00000|  0%| F|  |TAMS 0x0000000083d00000, 0x0000000083d00000| Untracked 
|  26|0x0000000083e00000, 0x0000000083e00000, 0x0000000083f00000|  0%| F|  |TAMS 0x0000000083e00000, 0x0000000083e00000| Untracked 
|  27|0x0000000083f00000, 0x0000000083f00000, 0x0000000084000000|  0%| F|  |TAMS 0x0000000083f00000, 0x0000000083f00000| Untracked 
|  28|0x0000000084000000, 0x0000000084000000, 0x0000000084100000|  0%| F|  |TAMS 0x0000000084000000, 0x0000000084000000| Untracked 
|  29|0x0000000084100000, 0x0000000084100000, 0x0000000084200000|  0%| F|  |TAMS 0x0000000084100000, 0x0000000084100000| Untracked 
|  30|0x0000000084200000, 0x0000000084200000, 0x0000000084300000|  0%| F|  |TAMS 0x0000000084200000, 0x0000000084200000| Untracked 
|  31|0x0000000084300000, 0x0000000084300000, 0x0000000084400000|  0%| F|  |TAMS 0x0000000084300000, 0x0000000084300000| Untracked 
|  32|0x0000000084400000, 0x0000000084400000, 0x0000000084500000|  0%| F|  |TAMS 0x0000000084400000, 0x0000000084400000| Untracked 
|  33|0x0000000084500000, 0x0000000084500000, 0x0000000084600000|  0%| F|  |TAMS 0x0000000084500000, 0x0000000084500000| Untracked 
|  34|0x0000000084600000, 0x0000000084600000, 0x0000000084700000|  0%| F|  |TAMS 0x0000000084600000, 0x0000000084600000| Untracked 
|  35|0x0000000084700000, 0x0000000084700000, 0x0000000084800000|  0%| F|  |TAMS 0x0000000084700000, 0x0000000084700000| Untracked 
|  36|0x0000000084800000, 0x0000000084800000, 0x0000000084900000|  0%| F|  |TAMS 0x0000000084800000, 0x0000000084800000| Untracked 
|  37|0x0000000084900000, 0x0000000084900000, 0x0000000084a00000|  0%| F|  |TAMS 0x0000000084900000, 0x0000000084900000| Untracked 
|  38|0x0000000084a00000, 0x0000000084a00000, 0x0000000084b00000|  0%| F|  |TAMS 0x0000000084a00000, 0x0000000084a00000| Untracked 
|  39|0x0000000084b00000, 0x0000000084b00000, 0x0000000084c00000|  0%| F|  |TAMS 0x0000000084b00000, 0x0000000084b00000| Untracked 
|  40|0x0000000084c00000, 0x0000000084c00000, 0x0000000084d00000|  0%| F|  |TAMS 0x0000000084c00000, 0x0000000084c00000| Untracked 
|  41|0x0000000084d00000, 0x0000000084d00000, 0x0000000084e00000|  0%| F|  |TAMS 0x0000000084d00000, 0x0000000084d00000| Untracked 
|  42|0x0000000084e00000, 0x0000000084e00000, 0x0000000084f00000|  0%| F|  |TAMS 0x0000000084e00000, 0x0000000084e00000| Untracked 
|  43|0x0000000084f00000, 0x0000000084f00000, 0x0000000085000000|  0%| F|  |TAMS 0x0000000084f00000, 0x0000000084f00000| Untracked 
|  44|0x0000000085000000, 0x0000000085000000, 0x0000000085100000|  0%| F|  |TAMS 0x0000000085000000, 0x0000000085000000| Untracked 
|  45|0x0000000085100000, 0x0000000085100000, 0x0000000085200000|  0%| F|  |TAMS 0x0000000085100000, 0x0000000085100000| Untracked 
|  46|0x0000000085200000, 0x0000000085200000, 0x0000000085300000|  0%| F|  |TAMS 0x0000000085200000, 0x0000000085200000| Untracked 
|  47|0x0000000085300000, 0x0000000085300000, 0x0000000085400000|  0%| F|  |TAMS 0x0000000085300000, 0x0000000085300000| Untracked 
|  48|0x0000000085400000, 0x0000000085400000, 0x0000000085500000|  0%| F|  |TAMS 0x0000000085400000, 0x0000000085400000| Untracked 
|  49|0x0000000085500000, 0x0000000085500000, 0x0000000085600000|  0%| F|  |TAMS 0x0000000085500000, 0x0000000085500000| Untracked 
|  50|0x0000000085600000, 0x0000000085600000, 0x0000000085700000|  0%| F|  |TAMS 0x0000000085600000, 0x0000000085600000| Untracked 
|  51|0x0000000085700000, 0x0000000085700000, 0x0000000085800000|  0%| F|  |TAMS 0x0000000085700000, 0x0000000085700000| Untracked 
|  52|0x0000000085800000, 0x0000000085800000, 0x0000000085900000|  0%| F|  |TAMS 0x0000000085800000, 0x0000000085800000| Untracked 
|  53|0x0000000085900000, 0x0000000085900000, 0x0000000085a00000|  0%| F|  |TAMS 0x0000000085900000, 0x0000000085900000| Untracked 
|  54|0x0000000085a00000, 0x0000000085a5b218, 0x0000000085b00000| 35%| S|CS|TAMS 0x0000000085a00000, 0x0000000085a00000| Complete 
|  55|0x0000000085b00000, 0x0000000085c00000, 0x0000000085c00000|100%| S|CS|TAMS 0x0000000085b00000, 0x0000000085b00000| Complete 
|  56|0x0000000085c00000, 0x0000000085d00000, 0x0000000085d00000|100%| S|CS|TAMS 0x0000000085c00000, 0x0000000085c00000| Complete 
|  57|0x0000000085d00000, 0x0000000085e00000, 0x0000000085e00000|100%| S|CS|TAMS 0x0000000085d00000, 0x0000000085d00000| Complete 
|  58|0x0000000085e00000, 0x0000000085f00000, 0x0000000085f00000|100%| S|CS|TAMS 0x0000000085e00000, 0x0000000085e00000| Complete 
|  59|0x0000000085f00000, 0x0000000086000000, 0x0000000086000000|100%| S|CS|TAMS 0x0000000085f00000, 0x0000000085f00000| Complete 
|  60|0x0000000086000000, 0x0000000086100000, 0x0000000086100000|100%| S|CS|TAMS 0x0000000086000000, 0x0000000086000000| Complete 
|  61|0x0000000086100000, 0x0000000086100000, 0x0000000086200000|  0%| F|  |TAMS 0x0000000086100000, 0x0000000086100000| Untracked 
|  62|0x0000000086200000, 0x0000000086200000, 0x0000000086300000|  0%| F|  |TAMS 0x0000000086200000, 0x0000000086200000| Untracked 
|  63|0x0000000086300000, 0x0000000086300000, 0x0000000086400000|  0%| F|  |TAMS 0x0000000086300000, 0x0000000086300000| Untracked 
|  64|0x0000000086400000, 0x0000000086400000, 0x0000000086500000|  0%| F|  |TAMS 0x0000000086400000, 0x0000000086400000| Untracked 
|  65|0x0000000086500000, 0x0000000086500000, 0x0000000086600000|  0%| F|  |TAMS 0x0000000086500000, 0x0000000086500000| Untracked 
|  66|0x0000000086600000, 0x0000000086600000, 0x0000000086700000|  0%| F|  |TAMS 0x0000000086600000, 0x0000000086600000| Untracked 
|  67|0x0000000086700000, 0x0000000086700000, 0x0000000086800000|  0%| F|  |TAMS 0x0000000086700000, 0x0000000086700000| Untracked 
|  68|0x0000000086800000, 0x0000000086800000, 0x0000000086900000|  0%| F|  |TAMS 0x0000000086800000, 0x0000000086800000| Untracked 
|  69|0x0000000086900000, 0x0000000086900000, 0x0000000086a00000|  0%| F|  |TAMS 0x0000000086900000, 0x0000000086900000| Untracked 
|  70|0x0000000086a00000, 0x0000000086a00000, 0x0000000086b00000|  0%| F|  |TAMS 0x0000000086a00000, 0x0000000086a00000| Untracked 
|  71|0x0000000086b00000, 0x0000000086b00000, 0x0000000086c00000|  0%| F|  |TAMS 0x0000000086b00000, 0x0000000086b00000| Untracked 
|  72|0x0000000086c00000, 0x0000000086c00000, 0x0000000086d00000|  0%| F|  |TAMS 0x0000000086c00000, 0x0000000086c00000| Untracked 
|  73|0x0000000086d00000, 0x0000000086d00000, 0x0000000086e00000|  0%| F|  |TAMS 0x0000000086d00000, 0x0000000086d00000| Untracked 
|  74|0x0000000086e00000, 0x0000000086e00000, 0x0000000086f00000|  0%| F|  |TAMS 0x0000000086e00000, 0x0000000086e00000| Untracked 
|  75|0x0000000086f00000, 0x0000000086f00000, 0x0000000087000000|  0%| F|  |TAMS 0x0000000086f00000, 0x0000000086f00000| Untracked 
|  76|0x0000000087000000, 0x0000000087000000, 0x0000000087100000|  0%| F|  |TAMS 0x0000000087000000, 0x0000000087000000| Untracked 
|  77|0x0000000087100000, 0x0000000087100000, 0x0000000087200000|  0%| F|  |TAMS 0x0000000087100000, 0x0000000087100000| Untracked 
|  78|0x0000000087200000, 0x0000000087200000, 0x0000000087300000|  0%| F|  |TAMS 0x0000000087200000, 0x0000000087200000| Untracked 
|  79|0x0000000087300000, 0x0000000087300000, 0x0000000087400000|  0%| F|  |TAMS 0x0000000087300000, 0x0000000087300000| Untracked 
|  80|0x0000000087400000, 0x0000000087400000, 0x0000000087500000|  0%| F|  |TAMS 0x0000000087400000, 0x0000000087400000| Untracked 
|  81|0x0000000087500000, 0x0000000087500000, 0x0000000087600000|  0%| F|  |TAMS 0x0000000087500000, 0x0000000087500000| Untracked 
|  82|0x0000000087600000, 0x0000000087600000, 0x0000000087700000|  0%| F|  |TAMS 0x0000000087600000, 0x0000000087600000| Untracked 
|  83|0x0000000087700000, 0x0000000087700000, 0x0000000087800000|  0%| F|  |TAMS 0x0000000087700000, 0x0000000087700000| Untracked 
|  84|0x0000000087800000, 0x0000000087800000, 0x0000000087900000|  0%| F|  |TAMS 0x0000000087800000, 0x0000000087800000| Untracked 
|  85|0x0000000087900000, 0x0000000087900000, 0x0000000087a00000|  0%| F|  |TAMS 0x0000000087900000, 0x0000000087900000| Untracked 
|  86|0x0000000087a00000, 0x0000000087a00000, 0x0000000087b00000|  0%| F|  |TAMS 0x0000000087a00000, 0x0000000087a00000| Untracked 
|  87|0x0000000087b00000, 0x0000000087b00000, 0x0000000087c00000|  0%| F|  |TAMS 0x0000000087b00000, 0x0000000087b00000| Untracked 
|  88|0x0000000087c00000, 0x0000000087c00000, 0x0000000087d00000|  0%| F|  |TAMS 0x0000000087c00000, 0x0000000087c00000| Untracked 
|  89|0x0000000087d00000, 0x0000000087d00000, 0x0000000087e00000|  0%| F|  |TAMS 0x0000000087d00000, 0x0000000087d00000| Untracked 
|  90|0x0000000087e00000, 0x0000000087e00000, 0x0000000087f00000|  0%| F|  |TAMS 0x0000000087e00000, 0x0000000087e00000| Untracked 
|  91|0x0000000087f00000, 0x0000000087f00000, 0x0000000088000000|  0%| F|  |TAMS 0x0000000087f00000, 0x0000000087f00000| Untracked 
|  92|0x0000000088000000, 0x0000000088000000, 0x0000000088100000|  0%| F|  |TAMS 0x0000000088000000, 0x0000000088000000| Untracked 
|  93|0x0000000088100000, 0x0000000088100000, 0x0000000088200000|  0%| F|  |TAMS 0x0000000088100000, 0x0000000088100000| Untracked 
|  94|0x0000000088200000, 0x0000000088200000, 0x0000000088300000|  0%| F|  |TAMS 0x0000000088200000, 0x0000000088200000| Untracked 
|  95|0x0000000088300000, 0x0000000088300000, 0x0000000088400000|  0%| F|  |TAMS 0x0000000088300000, 0x0000000088300000| Untracked 
|  96|0x0000000088400000, 0x0000000088400000, 0x0000000088500000|  0%| F|  |TAMS 0x0000000088400000, 0x0000000088400000| Untracked 
|  97|0x0000000088500000, 0x0000000088500000, 0x0000000088600000|  0%| F|  |TAMS 0x0000000088500000, 0x0000000088500000| Untracked 
|  98|0x0000000088600000, 0x0000000088600000, 0x0000000088700000|  0%| F|  |TAMS 0x0000000088600000, 0x0000000088600000| Untracked 
|  99|0x0000000088700000, 0x0000000088700000, 0x0000000088800000|  0%| F|  |TAMS 0x0000000088700000, 0x0000000088700000| Untracked 
| 100|0x0000000088800000, 0x0000000088800000, 0x0000000088900000|  0%| F|  |TAMS 0x0000000088800000, 0x0000000088800000| Untracked 
| 101|0x0000000088900000, 0x0000000088900000, 0x0000000088a00000|  0%| F|  |TAMS 0x0000000088900000, 0x0000000088900000| Untracked 
| 102|0x0000000088a00000, 0x0000000088a00000, 0x0000000088b00000|  0%| F|  |TAMS 0x0000000088a00000, 0x0000000088a00000| Untracked 
| 103|0x0000000088b00000, 0x0000000088b00000, 0x0000000088c00000|  0%| F|  |TAMS 0x0000000088b00000, 0x0000000088b00000| Untracked 
| 104|0x0000000088c00000, 0x0000000088c00000, 0x0000000088d00000|  0%| F|  |TAMS 0x0000000088c00000, 0x0000000088c00000| Untracked 
| 105|0x0000000088d00000, 0x0000000088d00000, 0x0000000088e00000|  0%| F|  |TAMS 0x0000000088d00000, 0x0000000088d00000| Untracked 
| 106|0x0000000088e00000, 0x0000000088e00000, 0x0000000088f00000|  0%| F|  |TAMS 0x0000000088e00000, 0x0000000088e00000| Untracked 
| 107|0x0000000088f00000, 0x0000000088f00000, 0x0000000089000000|  0%| F|  |TAMS 0x0000000088f00000, 0x0000000088f00000| Untracked 
| 108|0x0000000089000000, 0x0000000089000000, 0x0000000089100000|  0%| F|  |TAMS 0x0000000089000000, 0x0000000089000000| Untracked 
| 109|0x0000000089100000, 0x0000000089100000, 0x0000000089200000|  0%| F|  |TAMS 0x0000000089100000, 0x0000000089100000| Untracked 
| 110|0x0000000089200000, 0x0000000089200000, 0x0000000089300000|  0%| F|  |TAMS 0x0000000089200000, 0x0000000089200000| Untracked 
| 111|0x0000000089300000, 0x0000000089300000, 0x0000000089400000|  0%| F|  |TAMS 0x0000000089300000, 0x0000000089300000| Untracked 
| 112|0x0000000089400000, 0x0000000089400000, 0x0000000089500000|  0%| F|  |TAMS 0x0000000089400000, 0x0000000089400000| Untracked 
| 113|0x0000000089500000, 0x0000000089500000, 0x0000000089600000|  0%| F|  |TAMS 0x0000000089500000, 0x0000000089500000| Untracked 
| 114|0x0000000089600000, 0x0000000089600000, 0x0000000089700000|  0%| F|  |TAMS 0x0000000089600000, 0x0000000089600000| Untracked 
| 115|0x0000000089700000, 0x0000000089700000, 0x0000000089800000|  0%| F|  |TAMS 0x0000000089700000, 0x0000000089700000| Untracked 
| 116|0x0000000089800000, 0x0000000089800000, 0x0000000089900000|  0%| F|  |TAMS 0x0000000089800000, 0x0000000089800000| Untracked 
| 117|0x0000000089900000, 0x0000000089900000, 0x0000000089a00000|  0%| F|  |TAMS 0x0000000089900000, 0x0000000089900000| Untracked 
| 118|0x0000000089a00000, 0x0000000089ae3260, 0x0000000089b00000| 88%| E|  |TAMS 0x0000000089a00000, 0x0000000089a00000| Complete 
| 119|0x0000000089b00000, 0x0000000089c00000, 0x0000000089c00000|100%| E|CS|TAMS 0x0000000089b00000, 0x0000000089b00000| Complete 
| 120|0x0000000089c00000, 0x0000000089d00000, 0x0000000089d00000|100%| E|CS|TAMS 0x0000000089c00000, 0x0000000089c00000| Complete 
| 121|0x0000000089d00000, 0x0000000089e00000, 0x0000000089e00000|100%| E|CS|TAMS 0x0000000089d00000, 0x0000000089d00000| Complete 
| 122|0x0000000089e00000, 0x0000000089f00000, 0x0000000089f00000|100%| E|CS|TAMS 0x0000000089e00000, 0x0000000089e00000| Complete 
| 123|0x0000000089f00000, 0x000000008a000000, 0x000000008a000000|100%| E|CS|TAMS 0x0000000089f00000, 0x0000000089f00000| Complete 
| 124|0x000000008a000000, 0x000000008a100000, 0x000000008a100000|100%| E|CS|TAMS 0x000000008a000000, 0x000000008a000000| Complete 
| 125|0x000000008a100000, 0x000000008a200000, 0x000000008a200000|100%| E|CS|TAMS 0x000000008a100000, 0x000000008a100000| Complete 
| 126|0x000000008a200000, 0x000000008a300000, 0x000000008a300000|100%| E|CS|TAMS 0x000000008a200000, 0x000000008a200000| Complete 
| 127|0x000000008a300000, 0x000000008a400000, 0x000000008a400000|100%| E|CS|TAMS 0x000000008a300000, 0x000000008a300000| Complete 
| 128|0x000000008a400000, 0x000000008a500000, 0x000000008a500000|100%| E|CS|TAMS 0x000000008a400000, 0x000000008a400000| Complete 
| 129|0x000000008a500000, 0x000000008a600000, 0x000000008a600000|100%| E|CS|TAMS 0x000000008a500000, 0x000000008a500000| Complete 
| 130|0x000000008a600000, 0x000000008a700000, 0x000000008a700000|100%| E|CS|TAMS 0x000000008a600000, 0x000000008a600000| Complete 
| 131|0x000000008a700000, 0x000000008a800000, 0x000000008a800000|100%| E|CS|TAMS 0x000000008a700000, 0x000000008a700000| Complete 
| 132|0x000000008a800000, 0x000000008a900000, 0x000000008a900000|100%| E|CS|TAMS 0x000000008a800000, 0x000000008a800000| Complete 
| 133|0x000000008a900000, 0x000000008aa00000, 0x000000008aa00000|100%| E|CS|TAMS 0x000000008a900000, 0x000000008a900000| Complete 
| 134|0x000000008aa00000, 0x000000008ab00000, 0x000000008ab00000|100%| E|CS|TAMS 0x000000008aa00000, 0x000000008aa00000| Complete 
| 135|0x000000008ab00000, 0x000000008ac00000, 0x000000008ac00000|100%| E|CS|TAMS 0x000000008ab00000, 0x000000008ab00000| Complete 
| 136|0x000000008ac00000, 0x000000008ad00000, 0x000000008ad00000|100%| E|CS|TAMS 0x000000008ac00000, 0x000000008ac00000| Complete 
| 137|0x000000008ad00000, 0x000000008ae00000, 0x000000008ae00000|100%| E|CS|TAMS 0x000000008ad00000, 0x000000008ad00000| Complete 
| 138|0x000000008ae00000, 0x000000008af00000, 0x000000008af00000|100%| E|CS|TAMS 0x000000008ae00000, 0x000000008ae00000| Complete 
| 139|0x000000008af00000, 0x000000008b000000, 0x000000008b000000|100%| E|CS|TAMS 0x000000008af00000, 0x000000008af00000| Complete 
| 140|0x000000008b000000, 0x000000008b100000, 0x000000008b100000|100%| E|CS|TAMS 0x000000008b000000, 0x000000008b000000| Complete 
| 141|0x000000008b100000, 0x000000008b200000, 0x000000008b200000|100%| E|CS|TAMS 0x000000008b100000, 0x000000008b100000| Complete 
| 142|0x000000008b200000, 0x000000008b300000, 0x000000008b300000|100%| E|CS|TAMS 0x000000008b200000, 0x000000008b200000| Complete 
| 143|0x000000008b300000, 0x000000008b400000, 0x000000008b400000|100%| E|CS|TAMS 0x000000008b300000, 0x000000008b300000| Complete 
| 144|0x000000008b400000, 0x000000008b500000, 0x000000008b500000|100%| E|CS|TAMS 0x000000008b400000, 0x000000008b400000| Complete 
| 145|0x000000008b500000, 0x000000008b600000, 0x000000008b600000|100%| E|CS|TAMS 0x000000008b500000, 0x000000008b500000| Complete 
| 146|0x000000008b600000, 0x000000008b700000, 0x000000008b700000|100%| E|CS|TAMS 0x000000008b600000, 0x000000008b600000| Complete 
| 147|0x000000008b700000, 0x000000008b800000, 0x000000008b800000|100%| E|CS|TAMS 0x000000008b700000, 0x000000008b700000| Complete 
| 148|0x000000008b800000, 0x000000008b900000, 0x000000008b900000|100%| E|CS|TAMS 0x000000008b800000, 0x000000008b800000| Complete 
| 149|0x000000008b900000, 0x000000008ba00000, 0x000000008ba00000|100%| E|CS|TAMS 0x000000008b900000, 0x000000008b900000| Complete 
| 150|0x000000008ba00000, 0x000000008bb00000, 0x000000008bb00000|100%| E|CS|TAMS 0x000000008ba00000, 0x000000008ba00000| Complete 
| 151|0x000000008bb00000, 0x000000008bc00000, 0x000000008bc00000|100%| E|CS|TAMS 0x000000008bb00000, 0x000000008bb00000| Complete 

Card table byte_map: [0x00000178f04a0000,0x00000178f0890000] _byte_map_base: 0x00000178f008e000

Marking Bits (Prev, Next): (CMBitMap*) 0x00000178d89896d0, (CMBitMap*) 0x00000178d8989698
 Prev Bits: [0x00000178f2bf0000, 0x00000178f4b60000)
 Next Bits: [0x00000178f0c80000, 0x00000178f2bf0000)

Polling page: 0x00000178d6890000

Metaspace:

Usage:
  Non-class:     53.45 MB capacity,    52.56 MB ( 98%) used,   715.16 KB (  1%) free+waste,   197.94 KB ( <1%) overhead. 
      Class:      8.20 MB capacity,     7.59 MB ( 93%) used,   536.02 KB (  6%) free+waste,    93.19 KB (  1%) overhead. 
       Both:     61.65 MB capacity,    60.14 MB ( 98%) used,     1.22 MB (  2%) free+waste,   291.13 KB ( <1%) overhead. 

Virtual space:
  Non-class space:       54.00 MB reserved,      53.58 MB (>99%) committed 
      Class space:        1.00 GB reserved,       8.25 MB ( <1%) committed 
             Both:        1.05 GB reserved,      61.83 MB (  6%) committed 

Chunk freelists:
   Non-Class:  5.00 KB
       Class:  0 bytes
        Both:  5.00 KB

MaxMetaspaceSize: 17179869184.00 GB
CompressedClassSpaceSize: 1.00 GB
Initial GC threshold: 20.80 MB
Current GC threshold: 98.26 MB
CDS: off

CodeHeap 'non-profiled nmethods': size=120064Kb used=3035Kb max_used=3035Kb free=117028Kb
 bounds [0x00000178e8b70000, 0x00000178e8e70000, 0x00000178f00b0000]
CodeHeap 'profiled nmethods': size=120000Kb used=10567Kb max_used=10567Kb free=109432Kb
 bounds [0x00000178e1640000, 0x00000178e20a0000, 0x00000178e8b70000]
CodeHeap 'non-nmethods': size=5696Kb used=1284Kb max_used=1320Kb free=4411Kb
 bounds [0x00000178e10b0000, 0x00000178e1320000, 0x00000178e1640000]
 total_blobs=5172 nmethods=4594 adapters=491
 compilation: enabled
              stopped_count=0, restarted_count=0
 full_count=0

Compilation events (20 events):
Event: 23.793 Thread 0x00000178f7087800 nmethod 4620 0x00000178e208fe10 code [0x00000178e208ffc0, 0x00000178e20901b8]
Event: 23.793 Thread 0x00000178f7087800 4621       2       jdk.internal.math.FDBigInteger::<init> (30 bytes)
Event: 23.793 Thread 0x00000178f7087800 nmethod 4621 0x00000178e2090390 code [0x00000178e2090540, 0x00000178e20906a8]
Event: 23.793 Thread 0x00000178f7087800 4622       2       jdk.internal.math.FDBigInteger::trimLeadingZeros (57 bytes)
Event: 23.794 Thread 0x00000178f7087800 nmethod 4622 0x00000178e2090790 code [0x00000178e2090940, 0x00000178e2090af8]
Event: 23.794 Thread 0x00000178f7087800 4623       2       ch.qos.logback.core.pattern.FormattingConverter::write (154 bytes)
Event: 23.795 Thread 0x00000178f7087800 nmethod 4623 0x00000178e2090c10 code [0x00000178e2090e60, 0x00000178e20912d8]
Event: 23.797 Thread 0x00000178f7087800 4624       2       org.springframework.util.ClassUtils::isAssignable (84 bytes)
Event: 23.798 Thread 0x00000178f7087800 nmethod 4624 0x00000178e2091610 code [0x00000178e2091820, 0x00000178e2091bf8]
Event: 23.798 Thread 0x00000178f7087800 4625       1       sun.reflect.generics.scope.AbstractScope::getRecvr (5 bytes)
Event: 23.798 Thread 0x00000178f7087800 nmethod 4625 0x00000178e8e59010 code [0x00000178e8e591c0, 0x00000178e8e59278]
Event: 23.805 Thread 0x00000178f7087800 4626       1       java.lang.Thread::getThreadGroup (5 bytes)
Event: 23.805 Thread 0x00000178f7087800 nmethod 4626 0x00000178e8e59310 code [0x00000178e8e594c0, 0x00000178e8e59578]
Event: 23.845 Thread 0x00000178f939a800 nmethod 4444 0x00000178e8e59610 code [0x00000178e8e59b40, 0x00000178e8e5fe00]
Event: 23.846 Thread 0x00000178f939a800 4572       4       java.util.concurrent.ConcurrentHashMap::get (162 bytes)
Event: 23.853 Thread 0x00000178f939a800 nmethod 4572 0x00000178e8e63010 code [0x00000178e8e631c0, 0x00000178e8e634a8]
Event: 23.853 Thread 0x00000178f939a800 4490       4       java.lang.Class::annotationData (44 bytes)
Event: 23.874 Thread 0x00000178f939a800 nmethod 4490 0x00000178e8e63710 code [0x00000178e8e63940, 0x00000178e8e641c0]
Event: 23.875 Thread 0x00000178f939a800 4500   !   4       java.lang.reflect.Executable::declaredAnnotations (85 bytes)
Event: 23.917 Thread 0x00000178f939a800 nmethod 4500 0x00000178e8e64a10 code [0x00000178e8e64d00, 0x00000178e8e66240]

GC Heap History (16 events):
Event: 1.792 GC heap before
{Heap before GC invocations=0 (full 0):
 garbage-first heap   total 129024K, used 15360K [0x0000000082400000, 0x0000000100000000)
  region size 1024K, 14 young (14336K), 0 survivors (0K)
 Metaspace       used 10057K, capacity 10302K, committed 10496K, reserved 1058816K
  class space    used 909K, capacity 984K, committed 1024K, reserved 1048576K
}
Event: 1.802 GC heap after
{Heap after GC invocations=1 (full 0):
 garbage-first heap   total 129024K, used 7132K [0x0000000082400000, 0x0000000100000000)
  region size 1024K, 2 young (2048K), 2 survivors (2048K)
 Metaspace       used 10057K, capacity 10302K, committed 10496K, reserved 1058816K
  class space    used 909K, capacity 984K, committed 1024K, reserved 1048576K
}
Event: 2.540 GC heap before
{Heap before GC invocations=1 (full 0):
 garbage-first heap   total 129024K, used 15324K [0x0000000082400000, 0x0000000100000000)
  region size 1024K, 10 young (10240K), 2 survivors (2048K)
 Metaspace       used 12587K, capacity 12816K, committed 12928K, reserved 1060864K
  class space    used 1217K, capacity 1298K, committed 1408K, reserved 1048576K
}
Event: 2.548 GC heap after
{Heap after GC invocations=2 (full 0):
 garbage-first heap   total 129024K, used 7894K [0x0000000082400000, 0x0000000100000000)
  region size 1024K, 1 young (1024K), 1 survivors (1024K)
 Metaspace       used 12587K, capacity 12816K, committed 12928K, reserved 1060864K
  class space    used 1217K, capacity 1298K, committed 1408K, reserved 1048576K
}
Event: 4.313 GC heap before
{Heap before GC invocations=2 (full 0):
 garbage-first heap   total 129024K, used 33494K [0x0000000082400000, 0x0000000100000000)
  region size 1024K, 26 young (26624K), 1 survivors (1024K)
 Metaspace       used 19113K, capacity 19668K, committed 19968K, reserved 1067008K
  class space    used 2033K, capacity 2232K, committed 2304K, reserved 1048576K
}
Event: 4.330 GC heap after
{Heap after GC invocations=3 (full 0):
 garbage-first heap   total 129024K, used 9374K [0x0000000082400000, 0x0000000100000000)
  region size 1024K, 3 young (3072K), 3 survivors (3072K)
 Metaspace       used 19113K, capacity 19668K, committed 19968K, reserved 1067008K
  class space    used 2033K, capacity 2232K, committed 2304K, reserved 1048576K
}
Event: 4.541 GC heap before
{Heap before GC invocations=3 (full 0):
 garbage-first heap   total 129024K, used 15518K [0x0000000082400000, 0x0000000100000000)
  region size 1024K, 10 young (10240K), 3 survivors (3072K)
 Metaspace       used 20679K, capacity 21190K, committed 21296K, reserved 1069056K
  class space    used 2194K, capacity 2376K, committed 2432K, reserved 1048576K
}
Event: 4.550 GC heap after
{Heap after GC invocations=4 (full 0):
 garbage-first heap   total 129024K, used 9496K [0x0000000082400000, 0x0000000100000000)
  region size 1024K, 3 young (3072K), 3 survivors (3072K)
 Metaspace       used 20679K, capacity 21190K, committed 21296K, reserved 1069056K
  class space    used 2194K, capacity 2376K, committed 2432K, reserved 1048576K
}
Event: 7.238 GC heap before
{Heap before GC invocations=5 (full 0):
 garbage-first heap   total 129024K, used 54552K [0x0000000082400000, 0x0000000100000000)
  region size 1024K, 47 young (48128K), 3 survivors (3072K)
 Metaspace       used 26387K, capacity 27035K, committed 27184K, reserved 1073152K
  class space    used 2895K, capacity 3150K, committed 3200K, reserved 1048576K
}
Event: 7.249 GC heap after
{Heap after GC invocations=6 (full 0):
 garbage-first heap   total 129024K, used 11398K [0x0000000082400000, 0x0000000100000000)
  region size 1024K, 5 young (5120K), 5 survivors (5120K)
 Metaspace       used 26387K, capacity 27035K, committed 27184K, reserved 1073152K
  class space    used 2895K, capacity 3150K, committed 3200K, reserved 1048576K
}
Event: 10.925 GC heap before
{Heap before GC invocations=6 (full 0):
 garbage-first heap   total 129024K, used 62598K [0x0000000082400000, 0x0000000100000000)
  region size 1024K, 56 young (57344K), 5 survivors (5120K)
 Metaspace       used 34804K, capacity 35811K, committed 35888K, reserved 1081344K
  class space    used 3994K, capacity 4405K, committed 4480K, reserved 1048576K
}
Event: 10.952 GC heap after
{Heap after GC invocations=7 (full 0):
 garbage-first heap   total 129024K, used 14972K [0x0000000082400000, 0x0000000100000000)
  region size 1024K, 8 young (8192K), 8 survivors (8192K)
 Metaspace       used 34804K, capacity 35811K, committed 35888K, reserved 1081344K
  class space    used 3994K, capacity 4405K, committed 4480K, reserved 1048576K
}
Event: 16.882 GC heap before
{Heap before GC invocations=8 (full 0):
 garbage-first heap   total 129024K, used 83580K [0x0000000082400000, 0x0000000100000000)
  region size 1024K, 75 young (76800K), 8 survivors (8192K)
 Metaspace       used 46781K, capacity 47954K, committed 48048K, reserved 1091584K
  class space    used 5596K, capacity 6081K, committed 6144K, reserved 1048576K
}
Event: 16.909 GC heap after
{Heap after GC invocations=9 (full 0):
 garbage-first heap   total 129024K, used 18191K [0x0000000082400000, 0x0000000100000000)
  region size 1024K, 7 young (7168K), 7 survivors (7168K)
 Metaspace       used 46781K, capacity 47954K, committed 48048K, reserved 1091584K
  class space    used 5596K, capacity 6081K, committed 6144K, reserved 1048576K
}
Event: 21.580 GC heap before
{Heap before GC invocations=9 (full 0):
 garbage-first heap   total 129024K, used 83727K [0x0000000082400000, 0x0000000100000000)
  region size 1024K, 72 young (73728K), 7 survivors (7168K)
 Metaspace       used 58683K, capacity 60130K, committed 60240K, reserved 1101824K
  class space    used 7346K, capacity 7936K, committed 7936K, reserved 1048576K
}
Event: 21.604 GC heap after
{Heap after GC invocations=10 (full 0):
 garbage-first heap   total 155648K, used 21259K [0x0000000082400000, 0x0000000100000000)
  region size 1024K, 7 young (7168K), 7 survivors (7168K)
 Metaspace       used 58683K, capacity 60130K, committed 60240K, reserved 1101824K
  class space    used 7346K, capacity 7936K, committed 7936K, reserved 1048576K
}

Deoptimization events (20 events):
Event: 23.589 Thread 0x00000178d894b800 Uncommon trap: trap_request=0xffffffde fr.pc=0x00000178e8be7370 relative=0x0000000000000110
Event: 23.589 Thread 0x00000178d894b800 Uncommon trap: reason=class_check action=maybe_recompile pc=0x00000178e8be7370 method=org.springframework.boot.context.properties.source.ConfigurationPropertyName$Elements.charAt(II)C @ 43 c2
Event: 23.589 Thread 0x00000178d894b800 DEOPT PACKING pc=0x00000178e8be7370 sp=0x0000005397ffa7b0
Event: 23.589 Thread 0x00000178d894b800 DEOPT UNPACKING pc=0x00000178e10fa1a9 sp=0x0000005397ffa728 mode 2
Event: 23.617 Thread 0x00000178d894b800 Uncommon trap: trap_request=0xfffffff4 fr.pc=0x00000178e8c790a0 relative=0x0000000000000260
Event: 23.617 Thread 0x00000178d894b800 Uncommon trap: reason=null_check action=make_not_entrant pc=0x00000178e8c790a0 method=org.springframework.util.ClassUtils.isAssignable(Ljava/lang/Class;Ljava/lang/Class;)Z @ 14 c2
Event: 23.617 Thread 0x00000178d894b800 DEOPT PACKING pc=0x00000178e8c790a0 sp=0x0000005397ffe2d0
Event: 23.617 Thread 0x00000178d894b800 DEOPT UNPACKING pc=0x00000178e10fa1a9 sp=0x0000005397ffe260 mode 2
Event: 23.674 Thread 0x00000178d894b800 Uncommon trap: trap_request=0xffffff4d fr.pc=0x00000178e8e30d10 relative=0x0000000000000570
Event: 23.674 Thread 0x00000178d894b800 Uncommon trap: reason=unstable_if action=reinterpret pc=0x00000178e8e30d10 method=org.springframework.core.annotation.AnnotationsScanner.isWithoutHierarchy(Ljava/lang/reflect/AnnotatedElement;Lorg/springframework/core/annotation/MergedAnnotations$SearchSt
Event: 23.674 Thread 0x00000178d894b800 DEOPT PACKING pc=0x00000178e8e30d10 sp=0x0000005397ffe4b0
Event: 23.674 Thread 0x00000178d894b800 DEOPT UNPACKING pc=0x00000178e10fa1a9 sp=0x0000005397ffe470 mode 2
Event: 23.785 Thread 0x00000178d894b800 Uncommon trap: trap_request=0xffffff4d fr.pc=0x00000178e8bf597c relative=0x000000000000005c
Event: 23.785 Thread 0x00000178d894b800 Uncommon trap: reason=unstable_if action=reinterpret pc=0x00000178e8bf597c method=org.springframework.util.ConcurrentReferenceHashMap$Segment.clear()V @ 7 c2
Event: 23.785 Thread 0x00000178d894b800 DEOPT PACKING pc=0x00000178e8bf597c sp=0x0000005397ffe980
Event: 23.785 Thread 0x00000178d894b800 DEOPT UNPACKING pc=0x00000178e10fa1a9 sp=0x0000005397ffe910 mode 2
Event: 23.785 Thread 0x00000178d894b800 Uncommon trap: trap_request=0xffffff4d fr.pc=0x00000178e8e552c4 relative=0x0000000000002624
Event: 23.785 Thread 0x00000178d894b800 Uncommon trap: reason=unstable_if action=reinterpret pc=0x00000178e8e552c4 method=org.springframework.beans.factory.support.AbstractBeanFactory.isTypeMatch(Ljava/lang/String;Lorg/springframework/core/ResolvableType;Z)Z @ 34 c2
Event: 23.785 Thread 0x00000178d894b800 DEOPT PACKING pc=0x00000178e8e552c4 sp=0x0000005397ffe450
Event: 23.785 Thread 0x00000178d894b800 DEOPT UNPACKING pc=0x00000178e10fa1a9 sp=0x0000005397ffe450 mode 2

Classes redefined (0 events):
No events

Internal exceptions (20 events):
Event: 22.256 Thread 0x00000178d894b800 Exception <a 'java/lang/ClassNotFoundException'{0x000000008b5ba4e0}: java/lang/ObjectCustomizer> (0x000000008b5ba4e0) thrown at [./src/hotspot/share/classfile/systemDictionary.cpp, line 230]
Event: 22.270 Thread 0x00000178d894b800 Exception <a 'java/lang/ClassNotFoundException'{0x000000008b5ce988}: org/springframework/web/servlet/config/annotation/WebMvcConfigurationSupportCustomizer> (0x000000008b5ce988) thrown at [./src/hotspot/share/classfile/systemDictionary.cpp, line 230]
Event: 22.277 Thread 0x00000178d894b800 Exception <a 'java/lang/ClassNotFoundException'{0x000000008b5ef3e0}: org/springframework/web/servlet/config/annotation/DelegatingWebMvcConfigurationCustomizer> (0x000000008b5ef3e0) thrown at [./src/hotspot/share/classfile/systemDictionary.cpp, line 230]
Event: 22.285 Thread 0x00000178d894b800 Exception <a 'java/lang/ClassNotFoundException'{0x000000008b407f50}: org/springframework/boot/autoconfigure/web/servlet/WebMvcAutoConfiguration$EnableWebMvcConfigurationCustomizer> (0x000000008b407f50) thrown at [./src/hotspot/share/classfile/systemDictionary.cpp, line 230]
Event: 22.301 Thread 0x00000178d894b800 Exception <a 'java/lang/ClassNotFoundException'{0x000000008b4241f0}: org/springframework/context/ResourceLoaderAwareCustomizer> (0x000000008b4241f0) thrown at [./src/hotspot/share/classfile/systemDictionary.cpp, line 230]
Event: 22.302 Thread 0x00000178d894b800 Exception <a 'java/lang/ClassNotFoundException'{0x000000008b431aa0}: org/springframework/beans/factory/AwareCustomizer> (0x000000008b431aa0) thrown at [./src/hotspot/share/classfile/systemDictionary.cpp, line 230]
Event: 22.304 Thread 0x00000178d894b800 Exception <a 'java/lang/ClassNotFoundException'{0x000000008b43fb70}: org/springframework/context/ApplicationContextAwareCustomizer> (0x000000008b43fb70) thrown at [./src/hotspot/share/classfile/systemDictionary.cpp, line 230]
Event: 22.305 Thread 0x00000178d894b800 Exception <a 'java/lang/ClassNotFoundException'{0x000000008b44d980}: org/springframework/beans/factory/AwareCustomizer> (0x000000008b44d980) thrown at [./src/hotspot/share/classfile/systemDictionary.cpp, line 230]
Event: 22.313 Thread 0x00000178d894b800 Exception <a 'java/lang/ClassNotFoundException'{0x000000008b45ba28}: org/springframework/web/context/ServletContextAwareCustomizer> (0x000000008b45ba28) thrown at [./src/hotspot/share/classfile/systemDictionary.cpp, line 230]
Event: 22.318 Thread 0x00000178d894b800 Exception <a 'java/lang/ClassNotFoundException'{0x000000008b469310}: org/springframework/beans/factory/AwareCustomizer> (0x000000008b469310) thrown at [./src/hotspot/share/classfile/systemDictionary.cpp, line 230]
Event: 23.137 Thread 0x00000178d894b800 Exception <a 'java/lang/NoSuchMethodError'{0x000000008ac01260}: 'void java.lang.invoke.DirectMethodHandle$Holder.invokeVirtual(java.lang.Object, java.lang.Object, int)'> (0x000000008ac01260) thrown at [./src/hotspot/share/interpreter/linkResolver.cpp, line 773]
Event: 23.147 Thread 0x00000178d894b800 Exception <a 'java/lang/NoSuchMethodError'{0x000000008ac1b058}: 'void java.lang.invoke.DirectMethodHandle$Holder.invokeVirtual(java.lang.Object, java.lang.Object, long)'> (0x000000008ac1b058) thrown at [./src/hotspot/share/interpreter/linkResolver.cpp, line 773]
Event: 23.277 Thread 0x00000178d894b800 Exception <a 'java/lang/NoSuchMethodError'{0x000000008a9c7a88}: 'java.lang.Object java.lang.invoke.DirectMethodHandle$Holder.newInvokeSpecial(java.lang.Object, java.lang.Object, java.lang.Object, java.lang.Object, java.lang.Object)'> (0x000000008a9c7a88) thrown at [./src/hotspot/share/interpreter/linkResolver.cpp, line 773]
Event: 23.459 Thread 0x00000178d894b800 Exception <a 'java/lang/IncompatibleClassChangeError'{0x000000008a48d6d0}: Found class java.lang.Object, but interface was expected> (0x000000008a48d6d0) thrown at [./src/hotspot/share/interpreter/linkResolver.cpp, line 839]
Event: 23.542 Thread 0x00000178d894b800 Exception <a 'java/lang/NoSuchMethodError'{0x000000008a26d0a8}: 'int java.lang.invoke.DirectMethodHandle$Holder.invokeStaticInit(java.lang.Object, java.lang.Object, java.lang.Object, java.lang.Object)'> (0x000000008a26d0a8) thrown at [./src/hotspot/share/interpreter/linkResolver.cpp, line 773]
Event: 23.617 Thread 0x00000178d894b800 Implicit null exception at 0x00000178e8c78e5a to 0x00000178e8c7908c
Event: 23.689 Thread 0x00000178d894b800 Exception <a 'java/lang/NoSuchMethodError'{0x0000000089e74910}: 'java.lang.Object java.lang.invoke.DirectMethodHandle$Holder.invokeSpecial(java.lang.Object, java.lang.Object, int, java.lang.Object, int, java.lang.Object)'> (0x0000000089e74910) thrown at [./src/hotspot/share/interpreter/linkResolver.cpp, line 773]
Event: 23.690 Thread 0x00000178d894b800 Exception <a 'java/lang/NoSuchMethodError'{0x0000000089e7bdf8}: 'java.lang.Object java.lang.invoke.DirectMethodHandle$Holder.invokeStatic(java.lang.Object, java.lang.Object, int, java.lang.Object, int)'> (0x0000000089e7bdf8) thrown at [./src/hotspot/share/interpreter/linkResolver.cpp, line 773]
Event: 23.690 Thread 0x00000178d894b800 Exception <a 'java/lang/NoSuchMethodError'{0x0000000089e7f5d8}: 'java.lang.Object java.lang.invoke.DirectMethodHandle$Holder.invokeSpecial(java.lang.Object, java.lang.Object, java.lang.Object, int, java.lang.Object, int)'> (0x0000000089e7f5d8) thrown at [./src/hotspot/share/interpreter/linkResolver.cpp, line 773]
Event: 23.692 Thread 0x00000178d894b800 Exception <a 'java/lang/NoSuchMethodError'{0x0000000089e89200}: 'void java.lang.invoke.DirectMethodHandle$Holder.invokeVirtual(java.lang.Object, java.lang.Object)'> (0x0000000089e89200) thrown at [./src/hotspot/share/interpreter/linkResolver.cpp, line 773]

Events (20 events):
Event: 23.790 loading class java/util/AbstractMap$1$1
Event: 23.790 loading class java/util/AbstractMap$1$1 done
Event: 23.791 loading class jdk/internal/math/FDBigInteger
Event: 23.791 loading class jdk/internal/math/FDBigInteger done
Event: 23.795 loading class org/springframework/context/ConfigurableApplicationContext
Event: 23.795 loading class org/springframework/context/ConfigurableApplicationContext done
Event: 23.795 loading class org/springframework/context/ConfigurableApplicationContext
Event: 23.795 loading class org/springframework/context/ConfigurableApplicationContext done
Event: 23.799 loading class org/springframework/boot/ApplicationRunner
Event: 23.799 loading class org/springframework/boot/ApplicationRunner done
Event: 23.800 loading class org/springframework/boot/CommandLineRunner
Event: 23.800 loading class org/springframework/boot/CommandLineRunner done
Event: 23.802 loading class org/springframework/context/ConfigurableApplicationContext
Event: 23.802 loading class org/springframework/context/ConfigurableApplicationContext done
Event: 23.802 loading class org/springframework/context/ConfigurableApplicationContext
Event: 23.802 loading class org/springframework/context/ConfigurableApplicationContext done
Event: 23.803 loading class java/util/IdentityHashMap$KeyIterator
Event: 23.804 loading class java/util/IdentityHashMap$KeyIterator done
Event: 23.804 Thread 0x00000178d894b800 Thread exited: 0x00000178d894b800
Event: 23.805 Thread 0x00000178fba15000 Thread added: 0x00000178fba15000


Dynamic libraries:
0x00007ff6b5310000 - 0x00007ff6b531d000 	C:\Program Files\Amazon Corretto\jdk11.0.17_8\bin\java.exe
0x00007ffaf6d50000 - 0x00007ffaf6f64000 	C:\WINDOWS\SYSTEM32\ntdll.dll
0x00007ffaebd80000 - 0x00007ffaebd99000 	C:\Program Files\Avast Software\Avast\aswhook.dll
0x00007ffaf5850000 - 0x00007ffaf5914000 	C:\WINDOWS\System32\KERNEL32.DLL
0x00007ffaf4100000 - 0x00007ffaf44a4000 	C:\WINDOWS\System32\KERNELBASE.dll
0x00007ffaf4600000 - 0x00007ffaf4711000 	C:\WINDOWS\System32\ucrtbase.dll
0x00007ffadf0c0000 - 0x00007ffadf0d7000 	C:\Program Files\Amazon Corretto\jdk11.0.17_8\bin\jli.dll
0x00007ffad3630000 - 0x00007ffad3649000 	C:\Program Files\Amazon Corretto\jdk11.0.17_8\bin\VCRUNTIME140.dll
0x00007ffaf5150000 - 0x00007ffaf52fe000 	C:\WINDOWS\System32\USER32.dll
0x00007ffae0e30000 - 0x00007ffae10c3000 	C:\WINDOWS\WinSxS\amd64_microsoft.windows.common-controls_6595b64144ccf1df_6.0.22621.2215_none_270d72677387dfc3\COMCTL32.dll
0x00007ffaf45d0000 - 0x00007ffaf45f6000 	C:\WINDOWS\System32\win32u.dll
0x00007ffaf4ae0000 - 0x00007ffaf4b09000 	C:\WINDOWS\System32\GDI32.dll
0x00007ffaf5300000 - 0x00007ffaf53a7000 	C:\WINDOWS\System32\msvcrt.dll
0x00007ffaf44b0000 - 0x00007ffaf45c8000 	C:\WINDOWS\System32\gdi32full.dll
0x00007ffaf4980000 - 0x00007ffaf4a1a000 	C:\WINDOWS\System32\msvcp_win.dll
0x00007ffaf6420000 - 0x00007ffaf6451000 	C:\WINDOWS\System32\IMM32.DLL
0x00007ffab1bd0000 - 0x00007ffab1c6b000 	C:\Program Files\Amazon Corretto\jdk11.0.17_8\bin\msvcp140.dll
0x00007ffaadfe0000 - 0x00007ffaaeb65000 	C:\Program Files\Amazon Corretto\jdk11.0.17_8\bin\server\jvm.dll
0x00007ffaf4b10000 - 0x00007ffaf4bc0000 	C:\WINDOWS\System32\ADVAPI32.dll
0x00007ffaf62c0000 - 0x00007ffaf6366000 	C:\WINDOWS\System32\sechost.dll
0x00007ffaf4bc0000 - 0x00007ffaf4cd7000 	C:\WINDOWS\System32\RPCRT4.dll
0x00007ffaf5840000 - 0x00007ffaf5848000 	C:\WINDOWS\System32\PSAPI.DLL
0x00007ffadeb20000 - 0x00007ffadeb29000 	C:\WINDOWS\SYSTEM32\WSOCK32.dll
0x00007ffaeade0000 - 0x00007ffaeae14000 	C:\WINDOWS\SYSTEM32\WINMM.dll
0x00007ffae8f40000 - 0x00007ffae8f4a000 	C:\WINDOWS\SYSTEM32\VERSION.dll
0x00007ffaf6460000 - 0x00007ffaf64d1000 	C:\WINDOWS\System32\WS2_32.dll
0x00007ffaf30c0000 - 0x00007ffaf30d8000 	C:\WINDOWS\SYSTEM32\kernel.appcore.dll
0x00007ffade920000 - 0x00007ffade930000 	C:\Program Files\Amazon Corretto\jdk11.0.17_8\bin\verify.dll
0x00007ffaf1880000 - 0x00007ffaf1aae000 	C:\WINDOWS\SYSTEM32\DBGHELP.DLL
0x00007ffaf5ab0000 - 0x00007ffaf5e3a000 	C:\WINDOWS\System32\combase.dll
0x00007ffaf5920000 - 0x00007ffaf59f7000 	C:\WINDOWS\System32\OLEAUT32.dll
0x00007ffae4a80000 - 0x00007ffae4ab2000 	C:\WINDOWS\SYSTEM32\dbgcore.DLL
0x00007ffaf4720000 - 0x00007ffaf479a000 	C:\WINDOWS\System32\bcryptPrimitives.dll
0x00007ffabb6a0000 - 0x00007ffabb6c8000 	C:\Program Files\Amazon Corretto\jdk11.0.17_8\bin\java.dll
0x00007ffad3620000 - 0x00007ffad362a000 	C:\Program Files\Amazon Corretto\jdk11.0.17_8\bin\jimage.dll
0x00007ffae0160000 - 0x00007ffae016e000 	C:\Program Files\Amazon Corretto\jdk11.0.17_8\bin\instrument.dll
0x00007ffad0280000 - 0x00007ffad0298000 	C:\Program Files\Amazon Corretto\jdk11.0.17_8\bin\zip.dll
0x00007ffaf64e0000 - 0x00007ffaf6d03000 	C:\WINDOWS\System32\SHELL32.dll
0x00007ffaf2040000 - 0x00007ffaf292a000 	C:\WINDOWS\SYSTEM32\windows.storage.dll
0x00007ffaf1f00000 - 0x00007ffaf203e000 	C:\WINDOWS\SYSTEM32\wintypes.dll
0x00007ffaf5690000 - 0x00007ffaf5783000 	C:\WINDOWS\System32\SHCORE.dll
0x00007ffaf4eb0000 - 0x00007ffaf4f0e000 	C:\WINDOWS\System32\shlwapi.dll
0x00007ffaf4030000 - 0x00007ffaf4056000 	C:\WINDOWS\SYSTEM32\profapi.dll
0x00007ffad3600000 - 0x00007ffad3619000 	C:\Program Files\Amazon Corretto\jdk11.0.17_8\bin\net.dll
0x00007ffaeba70000 - 0x00007ffaebba7000 	C:\WINDOWS\SYSTEM32\WINHTTP.dll
0x00007ffaf35b0000 - 0x00007ffaf3619000 	C:\WINDOWS\system32\mswsock.dll
0x00007ffad35e0000 - 0x00007ffad35f3000 	C:\Program Files\Amazon Corretto\jdk11.0.17_8\bin\nio.dll
0x00007ffadc740000 - 0x00007ffadc75a000 	C:\Program Files\JetBrains\IntelliJ IDEA Community Edition 2022.2.3\bin\breakgen64.dll
0x00007ffadfed0000 - 0x00007ffadfed9000 	C:\Program Files\Amazon Corretto\jdk11.0.17_8\bin\management.dll
0x00007ffadc460000 - 0x00007ffadc46b000 	C:\Program Files\Amazon Corretto\jdk11.0.17_8\bin\management_ext.dll
0x00007ffab9400000 - 0x00007ffab9417000 	C:\WINDOWS\system32\napinsp.dll
0x00007ffab93e0000 - 0x00007ffab93fb000 	C:\WINDOWS\system32\pnrpnsp.dll
0x00007ffaf2c50000 - 0x00007ffaf2d42000 	C:\WINDOWS\SYSTEM32\DNSAPI.dll
0x00007ffaf2bd0000 - 0x00007ffaf2bfd000 	C:\WINDOWS\SYSTEM32\IPHLPAPI.DLL
0x00007ffaf5140000 - 0x00007ffaf5149000 	C:\WINDOWS\System32\NSI.dll
0x00007ffab93c0000 - 0x00007ffab93d1000 	C:\WINDOWS\System32\winrnr.dll
0x00007ffaeac60000 - 0x00007ffaeac75000 	C:\WINDOWS\system32\wshbth.dll
0x00007ffab9390000 - 0x00007ffab93b1000 	C:\WINDOWS\system32\nlansp_c.dll
0x00007ffae47c0000 - 0x00007ffae47ca000 	C:\Windows\System32\rasadhlp.dll
0x00007ffae8e10000 - 0x00007ffae8e94000 	C:\WINDOWS\System32\fwpuclnt.dll
0x00007ffaf3820000 - 0x00007ffaf383b000 	C:\WINDOWS\SYSTEM32\CRYPTSP.dll
0x00007ffaf3080000 - 0x00007ffaf30b5000 	C:\WINDOWS\system32\rsaenh.dll
0x00007ffaf36c0000 - 0x00007ffaf36ec000 	C:\WINDOWS\SYSTEM32\USERENV.dll
0x00007ffaf39e0000 - 0x00007ffaf3a08000 	C:\WINDOWS\SYSTEM32\bcrypt.dll
0x00007ffaf3840000 - 0x00007ffaf384c000 	C:\WINDOWS\SYSTEM32\CRYPTBASE.dll
0x00007ffaeb630000 - 0x00007ffaeb649000 	C:\WINDOWS\SYSTEM32\dhcpcsvc6.DLL
0x00007ffaeb610000 - 0x00007ffaeb62f000 	C:\WINDOWS\SYSTEM32\dhcpcsvc.DLL
0x00007ffadc290000 - 0x00007ffadc29e000 	C:\Program Files\Amazon Corretto\jdk11.0.17_8\bin\sunmscapi.dll
0x00007ffaf47a0000 - 0x00007ffaf4906000 	C:\WINDOWS\System32\CRYPT32.dll
0x00007ffaf39b0000 - 0x00007ffaf39de000 	C:\WINDOWS\SYSTEM32\ncrypt.dll
0x00007ffaf3970000 - 0x00007ffaf39a7000 	C:\WINDOWS\SYSTEM32\NTASN1.dll
0x00007ffad02a0000 - 0x00007ffad02c5000 	C:\Program Files\Amazon Corretto\jdk11.0.17_8\bin\sunec.dll

dbghelp: loaded successfully - version: 4.0.5 - missing functions: none
symbol engine: initialized successfully - sym options: 0x614 - pdb path: .;C:\Program Files\Amazon Corretto\jdk11.0.17_8\bin;C:\WINDOWS\SYSTEM32;C:\Program Files\Avast Software\Avast;C:\WINDOWS\WinSxS\amd64_microsoft.windows.common-controls_6595b64144ccf1df_6.0.22621.2215_none_270d72677387dfc3;C:\Program Files\Amazon Corretto\jdk11.0.17_8\bin\server;C:\Program Files\JetBrains\IntelliJ IDEA Community Edition 2022.2.3\bin

VM Arguments:
jvm_args: -javaagent:C:\Program Files\JetBrains\IntelliJ IDEA Community Edition 2022.2.3\lib\idea_rt.jar=49476:C:\Program Files\JetBrains\IntelliJ IDEA Community Edition 2022.2.3\bin -Dfile.encoding=UTF-8 
java_command: com.report.statistic.StatisticApplication
java_class_path (initial): C:\Users\Asus\statistic\target\classes;C:\Users\Asus\.m2\repository\org\springframework\boot\spring-boot-starter-data-jpa\2.7.16\spring-boot-starter-data-jpa-2.7.16.jar;C:\Users\Asus\.m2\repository\org\springframework\boot\spring-boot-starter-aop\2.7.16\spring-boot-starter-aop-2.7.16.jar;C:\Users\Asus\.m2\repository\org\springframework\spring-aop\5.3.30\spring-aop-5.3.30.jar;C:\Users\Asus\.m2\repository\org\aspectj\aspectjweaver\1.9.7\aspectjweaver-1.9.7.jar;C:\Users\Asus\.m2\repository\org\springframework\boot\spring-boot-starter-jdbc\2.7.16\spring-boot-starter-jdbc-2.7.16.jar;C:\Users\Asus\.m2\repository\com\zaxxer\HikariCP\4.0.3\HikariCP-4.0.3.jar;C:\Users\Asus\.m2\repository\org\springframework\spring-jdbc\5.3.30\spring-jdbc-5.3.30.jar;C:\Users\Asus\.m2\repository\jakarta\transaction\jakarta.transaction-api\1.3.3\jakarta.transaction-api-1.3.3.jar;C:\Users\Asus\.m2\repository\jakarta\persistence\jakarta.persistence-api\2.2.3\jakarta.persistence-api-2.2.3.jar;C:\Users\Asus\.m2\repository\org\hibernate\hibernate-core\5.6.15.Final\hibernate-core-5.6.15.Final.jar;C:\Users\Asus\.m2\repository\antlr\antlr\2.7.7\antlr-2.7.7.jar;C:\Users\Asus\.m2\repository\org\springframework\data\spring-data-jpa\2.7.16\spring-data-jpa-2.7.16.jar;C:\Users\Asus\.m2\repository\org\springframework\data\spring-data-commons\2.7.16\spring-data-commons-2.7.16.jar;C:\Users\Asus\.m2\repository\org\springframework\spring-orm\5.3.30\spring-orm-5.3.30.jar;C:\Users\Asus\.m2\repository\org\springframework\spring-context\5.3.30\spring-context-5.3.30.jar;C:\Users\Asus\.m2\repository\org\springframework\spring-tx\5.3.30\spring-tx-5.3.30.jar;C:\Users\Asus\.m2\repository\org\springframework\spring-beans\5.3.30\spring-beans-5.3.30.jar;C:\Users\Asus\.m2\repository\org\slf4j\slf4j-api\1.7.36\slf4j-api-1.7.36.jar;C:\Users\Asus\.m2\repository\org\springframework\spring-aspects\5.3.30\spring-aspects-5.3.30.jar;C:\Users\Asus\.m2\repository\org\springframework\boot\spring-boot-starter
Launcher Type: SUN_STANDARD

[Global flags]
     intx CICompilerCount                          = 3                                         {product} {ergonomic}
     uint ConcGCThreads                            = 1                                         {product} {ergonomic}
     uint G1ConcRefinementThreads                  = 4                                         {product} {ergonomic}
   size_t G1HeapRegionSize                         = 1048576                                   {product} {ergonomic}
    uintx GCDrainStackTargetSize                   = 64                                        {product} {ergonomic}
   size_t InitialHeapSize                          = 132120576                                 {product} {ergonomic}
   size_t MarkStackSize                            = 4194304                                   {product} {ergonomic}
   size_t MaxHeapSize                              = 2109734912                                {product} {ergonomic}
   size_t MaxNewSize                               = 1265631232                                {product} {ergonomic}
   size_t MinHeapDeltaBytes                        = 1048576                                   {product} {ergonomic}
    uintx NonNMethodCodeHeapSize                   = 5830732                                {pd product} {ergonomic}
    uintx NonProfiledCodeHeapSize                  = 122913754                              {pd product} {ergonomic}
    uintx ProfiledCodeHeapSize                     = 122913754                              {pd product} {ergonomic}
    uintx ReservedCodeCacheSize                    = 251658240                              {pd product} {ergonomic}
     bool SegmentedCodeCache                       = true                                      {product} {ergonomic}
     bool UseCompressedClassPointers               = true                                 {lp64_product} {ergonomic}
     bool UseCompressedOops                        = true                                 {lp64_product} {ergonomic}
     bool UseG1GC                                  = true                                      {product} {ergonomic}
     bool UseLargePagesIndividualAllocation        = false                                  {pd product} {ergonomic}

Logging:
Log output configuration:
 #0: stdout all=warning uptime,level,tags
 #1: stderr all=off uptime,level,tags

Environment Variables:
JAVA_HOME=C:\Program Files\Amazon Corretto\
PATH=C:\Program Files\Amazon Corretto\jdk11.0.17_8\bin;C:\WINDOWS\system32;C:\WINDOWS;C:\WINDOWS\System32\Wbem;C:\WINDOWS\System32\WindowsPowerShell\v1.0\;C:\WINDOWS\System32\OpenSSH\;C:\Program Files\Git\cmd;;C:\Program Files\Docker\Docker\resources\bin;C:\Users\Asus\AppData\Local\Microsoft\WindowsApps;C:\Users\Asus\AppData\Local\GitHubDesktop\bin;
USERNAME=Asus
OS=Windows_NT
PROCESSOR_IDENTIFIER=Intel64 Family 6 Model 142 Stepping 12, GenuineIntel
TMP=C:\Users\Asus\AppData\Local\Temp
TEMP=C:\Users\Asus\AppData\Local\Temp



---------------  S Y S T E M  ---------------

OS: Windows 11 , 64 bit Build 22621 (10.0.22621.2215)
OS uptime: 2 days 1:49 hours
Hyper-V role detected

CPU:total 4 (initial active 4) (2 cores per cpu, 2 threads per core) family 6 model 142 stepping 12 microcode 0xde, cmov, cx8, fxsr, mmx, sse, sse2, sse3, ssse3, sse4.1, sse4.2, popcnt, aes, clmul, erms, 3dnowpref, lzcnt, ht, tsc, tscinvbit

Memory: 4k page, system-wide physical 8044M (408M free)
TotalPageFile size 32620M (AvailPageFile size 6M)
current process WorkingSet (physical memory assigned to process): 287M, peak: 289M
current process commit charge ("private bytes"): 351M, peak: 353M

vm_info: OpenJDK 64-Bit Server VM (11.0.17+8-LTS) for windows-amd64 JRE (11.0.17+8-LTS), built on Oct 14 2022 18:02:01 by "Administrator" with MS VC++ 15.9 (VS2017)

END.
